[0mGET /css/layout.css [36m304[0m 230.016 ms - -[0m
[0mGET /css/header.css [36m304[0m 248.152 ms - -[0m
[0mGET /css/footer.css [36m304[0m 246.585 ms - -[0m
[0mGET /css/home.css [36m304[0m 246.186 ms - -[0m
[0mGET /css/chat_box.css [36m304[0m 248.294 ms - -[0m
[0mGET / [32m200[0m 1729.283 ms - 3783[0m
[0mGET /js/home_post_comments.js [36m304[0m 15.459 ms - -[0m
[0mGET /js/home_posts.js [36m304[0m 15.415 ms - -[0m
[0mGET /js/toggle_likes.js [36m304[0m 17.216 ms - -[0m
[0mGET /js/chat_engine.js [36m304[0m 12.569 ms - -[0m
[0mGET /favicon.ico [33m404[0m 50.188 ms - 150[0m
[0mGET /users/sign-in [36m304[0m 23.487 ms - -[0m
[0mGET /css/layout.css [36m304[0m 4.703 ms - -[0m
[0mGET /users/css/header.css [33m404[0m 26.457 ms - 159[0m
[0mGET /users/css/footer.css [33m404[0m 37.593 ms - 159[0m
[0mPOST /users/create-session [36m302[0m 42.456 ms - 46[0m
[0mGET / [32m200[0m 189.964 ms - 47504[0m
[0mGET /css/layout.css [36m304[0m 3.852 ms - -[0m
[0mGET /css/header.css [36m304[0m 9.438 ms - -[0m
[0mGET /css/footer.css [36m304[0m 9.385 ms - -[0m
[0mGET /js/home_post_comments.js [36m304[0m 14.335 ms - -[0m
[0mGET /css/home.css [36m304[0m 10.999 ms - -[0m
[0mGET /css/chat_box.css [36m304[0m 11.323 ms - -[0m
[0mGET /js/home_posts.js [36m304[0m 12.536 ms - -[0m
[0mGET /js/toggle_likes.js [36m304[0m 4.019 ms - -[0m
[0mGET /js/chat_engine.js [36m304[0m 4.055 ms - -[0m
