[0mGET / [36m304[0m 382.326 ms - -[0m
[0mGET /css/header.css [36m304[0m 67.457 ms - -[0m
[0mGET /css/footer.css [36m304[0m 5.927 ms - -[0m
[0mGET /js/home_posts.js [36m304[0m 17.502 ms - -[0m
[0mGET /css/layout.css [36m304[0m 17.772 ms - -[0m
[0mGET /css/home.css [36m304[0m 15.636 ms - -[0m
[0mGET /css/chat_box.css [36m304[0m 14.519 ms - -[0m
[0mGET /js/home_post_comments.js [36m304[0m 15.870 ms - -[0m
[0mGET /js/chat_engine.js [36m304[0m 5.836 ms - -[0m
[0mGET /js/toggle_likes.js [36m304[0m 4.395 ms - -[0m
[0mPOST /comments/create [36m302[0m 593.573 ms - 46[0m
[0mGET / [32m200[0m 173.081 ms - 46736[0m
[0mGET /css/layout.css [36m304[0m 20.525 ms - -[0m
[0mGET /css/header.css [36m304[0m 23.670 ms - -[0m
[0mGET /css/footer.css [36m304[0m 26.470 ms - -[0m
[0mGET /css/home.css [36m304[0m 27.645 ms - -[0m
[0mGET /css/chat_box.css [36m304[0m 30.494 ms - -[0m
[0mGET /js/home_post_comments.js [36m304[0m 32.404 ms - -[0m
[0mGET /js/home_posts.js [36m304[0m 4.079 ms - -[0m
[0mGET /js/toggle_likes.js [36m304[0m 4.906 ms - -[0m
[0mGET /js/chat_engine.js [36m304[0m 10.633 ms - -[0m
[0mGET /css/layout.css [36m304[0m 216.750 ms - -[0m
[0mGET /css/home.css [36m304[0m 11.048 ms - -[0m
[0mGET /css/chat_box.css [36m304[0m 11.808 ms - -[0m
[0mGET /js/home_post_comments.js [36m304[0m 10.564 ms - -[0m
[0mGET /js/home_posts.js [36m304[0m 9.974 ms - -[0m
[0mGET /css/footer.css [36m304[0m 10.384 ms - -[0m
[0mGET /css/header.css [36m304[0m 14.699 ms - -[0m
[0mGET /js/toggle_likes.js [36m304[0m 18.336 ms - -[0m
[0mGET /js/chat_engine.js [36m304[0m 23.813 ms - -[0m
[0mGET / [32m200[0m 1115.350 ms - 47002[0m
