[0mGET / [32m200[0m 1610.789 ms - 3289[0m
[0mGET /css/header.css [36m304[0m 64.230 ms - -[0m
[0mGET /css/layout.css [36m304[0m 61.845 ms - -[0m
[0mGET /css/home.css [36m304[0m 62.697 ms - -[0m
[0mGET /css/chat_box.css [36m304[0m 70.357 ms - -[0m
[0mGET /css/footer.css [36m304[0m 10.713 ms - -[0m
[0mGET /js/home_post_comments.js [36m304[0m 9.770 ms - -[0m
[0mGET /js/home_posts.js [36m304[0m 12.145 ms - -[0m
[0mGET /js/toggle_likes.js [36m304[0m 13.186 ms - -[0m
[0mGET /js/chat_engine.js [36m304[0m 13.039 ms - -[0m
[0mGET /favicon.ico [33m404[0m 36.082 ms - 150[0m
[0mGET /users/sign-in [36m304[0m 16.924 ms - -[0m
[0mGET /css/layout.css [36m304[0m 10.829 ms - -[0m
[0mGET /css/header.css [36m304[0m 12.176 ms - -[0m
[0mGET /css/footer.css [36m304[0m 3.134 ms - -[0m
[0mPOST /users/create-session [36m302[0m 204.301 ms - 46[0m
[0mGET / [32m200[0m 182.182 ms - 47010[0m
[0mGET /css/layout.css [36m304[0m 4.168 ms - -[0m
[0mGET /css/header.css [36m304[0m 9.524 ms - -[0m
[0mGET /css/footer.css [36m304[0m 8.589 ms - -[0m
[0mGET /css/home.css [36m304[0m 16.108 ms - -[0m
[0mGET /css/chat_box.css [36m304[0m 7.980 ms - -[0m
[0mGET /js/home_post_comments.js [36m304[0m 8.948 ms - -[0m
[0mGET /js/home_posts.js [36m304[0m 8.603 ms - -[0m
[0mGET /js/toggle_likes.js [36m304[0m 7.121 ms - -[0m
[0mGET /js/chat_engine.js [36m304[0m 6.573 ms - -[0m
[0mGET /css/layout.css [36m304[0m 120.719 ms - -[0m
[0mGET /css/header.css [36m304[0m 135.320 ms - -[0m
[0mGET /css/home.css [36m304[0m 130.465 ms - -[0m
[0mGET /css/footer.css [36m304[0m 136.048 ms - -[0m
[0mGET /css/chat_box.css [36m304[0m 130.830 ms - -[0m
[0mGET /js/home_post_comments.js [36m304[0m 129.033 ms - -[0m
[0mGET /js/home_posts.js [36m304[0m 4.330 ms - -[0m
[0mGET /js/toggle_likes.js [36m304[0m 8.780 ms - -[0m
[0mGET /js/chat_engine.js [36m304[0m 6.657 ms - -[0m
[0mGET /css/chat_box.css [33m404[0m 78.308 ms - 155[0m
[0mGET / [32m200[0m 2061.313 ms - 3289[0m
[0mGET /css/header.css [33m404[0m 147.041 ms - 153[0m
[0mGET /css/layout.css [33m404[0m 329.785 ms - 153[0m
[0mGET /css/footer.css [33m404[0m 346.832 ms - 153[0m
[0mGET /css/home.css [33m404[0m 346.804 ms - 151[0m
[0mGET /css/header.css [33m404[0m 118.505 ms - 153[0m
[0mGET /js/home_post_comments.js [33m404[0m 117.303 ms - 163[0m
[0mGET /js/home_posts.js [33m404[0m 106.123 ms - 155[0m
[0mGET /js/toggle_likes.js [33m404[0m 39.764 ms - 157[0m
[0mGET /js/chat_engine.js [33m404[0m 29.362 ms - 156[0m
[0mGET /favicon.ico [33m404[0m 11.078 ms - 150[0m
[0mGET /users/sign-in [36m304[0m 26.422 ms - -[0m
[0mGET /css/layout.css [33m404[0m 17.928 ms - 153[0m
[0mGET /css/header.css [33m404[0m 22.054 ms - 153[0m
[0mGET /css/footer.css [33m404[0m 25.228 ms - 153[0m
[0mGET /css/layout.css [33m404[0m 146.298 ms - 153[0m
[0mGET /css/home.css [33m404[0m 130.590 ms - 151[0m
[0mGET / [32m200[0m 702.301 ms - 3782[0m
[0mGET /css/chat_box.css [33m404[0m 157.231 ms - 155[0m
[0mGET /css/footer.css [33m404[0m 254.156 ms - 153[0m
[0mGET /css/header.css [33m404[0m 278.340 ms - 153[0m
[0mGET /js/home_post_comments.js [33m404[0m 93.629 ms - 163[0m
[0mGET /js/home_posts.js [33m404[0m 79.098 ms - 155[0m
[0mGET /js/toggle_likes.js [33m404[0m 68.881 ms - 157[0m
[0mGET /js/chat_engine.js [33m404[0m 68.718 ms - 156[0m
[0mGET /css/layout.css [33m404[0m 57.607 ms - 153[0m
[0mGET /css/home.css [33m404[0m 98.041 ms - 151[0m
[0mGET /css/chat_box.css [33m404[0m 105.499 ms - 155[0m
[0mGET /js/home_post_comments.js [33m404[0m 13.608 ms - 163[0m
[0mGET /js/home_posts.js [33m404[0m 9.418 ms - 155[0m
[0mGET /js/toggle_likes.js [33m404[0m 9.914 ms - 157[0m
[0mGET /js/chat_engine.js [33m404[0m 7.341 ms - 156[0m
[0mGET /favicon.ico [33m404[0m 9.152 ms - 150[0m
[0mGET /users/sign-in [32m200[0m 19.049 ms - 2274[0m
[0mGET /users/css/layout.css [33m404[0m 30.774 ms - 159[0m
[0mGET /users/css/header.css [33m404[0m 32.263 ms - 159[0m
[0mGET /users/css/footer.css [33m404[0m 31.990 ms - 159[0m
[0mGET /users/sign-in [36m304[0m 230.117 ms - -[0m
[0mGET /users/css/layout.css [33m404[0m 29.814 ms - 159[0m
[0mGET /users/css/header.css [33m404[0m 27.399 ms - 159[0m
[0mGET /users/css/footer.css [33m404[0m 25.216 ms - 159[0m
[0mGET /users/sign-in [36m304[0m 164.717 ms - -[0m
[0mGET /users/css/layout.css [33m404[0m 43.959 ms - 159[0m
[0mGET /users/css/header.css [33m404[0m 80.516 ms - 159[0m
[0mGET /users/css/footer.css [33m404[0m 87.678 ms - 159[0m
[0mPOST /users/create-session [36m302[0m 176.096 ms - 46[0m
[0mGET / [32m200[0m 386.441 ms - 47229[0m
[0mGET /css/layout.css [32m200[0m 116.718 ms - 212[0m
[0mGET /css/footer.css [32m200[0m 34.169 ms - 242[0m
[0mGET /css/home.css [32m200[0m 23.724 ms - 219[0m
[0mGET /css/header.css [32m200[0m 22.251 ms - 497[0m
[0mGET /js/home_post_comments.js [32m200[0m 60.627 ms - 3715[0m
[0mGET /js/home_posts.js [32m200[0m 35.142 ms - 2810[0m
[0mGET /css/chat_box.css [32m200[0m 110.248 ms - 1299[0m
[0mGET /js/toggle_likes.js [32m200[0m 26.412 ms - 1156[0m
[0mGET /js/chat_engine.js [32m200[0m 51.158 ms - 1753[0m
[0mGET /users/sign-out [36m302[0m 59.941 ms - 88[0m
[0mGET / [32m200[0m 128.674 ms - 4050[0m
[0mGET /css/layout.css [36m304[0m 28.172 ms - -[0m
[0mGET /css/header.css [36m304[0m 29.020 ms - -[0m
[0mGET /css/footer.css [36m304[0m 6.673 ms - -[0m
[0mGET /js/home_posts.js [36m304[0m 14.020 ms - -[0m
[0mGET /js/toggle_likes.js [36m304[0m 12.814 ms - -[0m
[0mGET /css/home.css [36m304[0m 13.894 ms - -[0m
[0mGET /css/chat_box.css [36m304[0m 13.554 ms - -[0m
[0mGET /js/home_post_comments.js [36m304[0m 15.553 ms - -[0m
[0mGET /js/chat_engine.js [36m304[0m 5.430 ms - -[0m
[0mGET /users/sign-in [36m304[0m 20.974 ms - -[0m
[0mGET /users/css/layout.css [33m404[0m 21.944 ms - 159[0m
[0mGET /users/css/header.css [33m404[0m 18.833 ms - 159[0m
[0mGET /users/css/footer.css [33m404[0m 22.688 ms - 159[0m
[0mGET /users/css/layout.css [33m404[0m 25.301 ms - 159[0m
[0mGET /users/css/footer.css [33m404[0m 22.918 ms - 159[0m
[0mGET /users/css/header.css [33m404[0m 28.821 ms - 159[0m
[0mPOST /users/create-session [36m302[0m 53.858 ms - 46[0m
[0mGET / [32m200[0m 116.642 ms - 47503[0m
[0mGET /css/layout.css [36m304[0m 5.858 ms - -[0m
[0mGET /css/header.css [36m304[0m 6.614 ms - -[0m
[0mGET /css/home.css [36m304[0m 6.933 ms - -[0m
[0mGET /css/chat_box.css [36m304[0m 7.105 ms - -[0m
[0mGET /js/home_post_comments.js [36m304[0m 12.820 ms - -[0m
[0mGET /css/footer.css [36m304[0m 7.800 ms - -[0m
[0mGET /js/home_posts.js [36m304[0m 8.281 ms - -[0m
[0mGET /js/toggle_likes.js [36m304[0m 7.893 ms - -[0m
[0mGET /js/chat_engine.js [36m304[0m 7.114 ms - -[0m
[0mGET /css/layout.css.map [32m200[0m 6.809 ms - 148[0m
[0mGET /users/profile [33m404[0m 17.178 ms - 152[0m
[0mGET /css/layout.css.map [36m304[0m 4.114 ms - -[0m
[0mGET /users/profile [33m404[0m 15.316 ms - 152[0m
[0mGET /css/layout.css.map [36m304[0m 2.192 ms - -[0m
[0mGET /users/profile/64860efdc4617e81bb6e4701 [32m200[0m 48.030 ms - 2833[0m
[0mGET /users/profile/css/layout.css [33m404[0m 43.538 ms - 167[0m
[0mGET /users/profile/css/header.css [33m404[0m 64.063 ms - 167[0m
[0mGET /users/profile/css/footer.css [33m404[0m 63.984 ms - 167[0m
[0mGET /css/user_profile.css [32m200[0m 59.567 ms - -[0m
[0mGET /users/profile/css/user_profile.css [33m404[0m 68.078 ms - 173[0m
[0mGET /users/profile/64860efdc4617e81bb6e4701 [36m304[0m 19.842 ms - -[0m
[0mGET /users/profile/css/layout.css [33m404[0m 28.389 ms - 167[0m
[0mGET /css/user_profile.css [36m304[0m 18.217 ms - -[0m
[0mGET /users/profile/css/header.css [33m404[0m 65.530 ms - 167[0m
[0mGET /users/profile/css/user_profile.css [33m404[0m 55.851 ms - 173[0m
[0mGET /users/profile/css/footer.css [33m404[0m 41.664 ms - 167[0m
[0mGET /users/profile/css/layout.css [33m404[0m 18.293 ms - 167[0m
[0mGET /css/layout.css.map [36m304[0m 22.785 ms - -[0m
[0mGET / [32m200[0m 449.867 ms - 47230[0m
[0mGET /css/layout.css [36m304[0m 6.572 ms - -[0m
[0mGET /css/header.css [36m304[0m 4.542 ms - -[0m
[0mGET /css/footer.css [36m304[0m 27.796 ms - -[0m
[0mGET /js/home_posts.js [36m304[0m 27.449 ms - -[0m
[0mGET /css/home.css [36m304[0m 27.323 ms - -[0m
[0mGET /css/chat_box.css [36m304[0m 33.300 ms - -[0m
[0mGET /js/home_post_comments.js [36m304[0m 35.863 ms - -[0m
[0mGET /js/toggle_likes.js [36m304[0m 41.578 ms - -[0m
[0mGET /js/chat_engine.js [36m304[0m 6.965 ms - -[0m
[0mGET /css/layout.css.map [36m304[0m 2.237 ms - -[0m
[0mGET / [36m304[0m 330.756 ms - -[0m
[0mGET /css/layout.css [36m304[0m 9.039 ms - -[0m
[0mGET /css/header.css [36m304[0m 2.190 ms - -[0m
[0mGET /css/footer.css [36m304[0m 2.171 ms - -[0m
[0mGET /css/home.css [36m304[0m 2.821 ms - -[0m
[0mGET /css/chat_box.css [36m304[0m 1.904 ms - -[0m
[0mGET /js/home_post_comments.js [36m304[0m 2.942 ms - -[0m
[0mGET /js/home_posts.js [36m304[0m 1.990 ms - -[0m
[0mGET /js/toggle_likes.js [36m304[0m 2.933 ms - -[0m
[0mGET /js/chat_engine.js [36m304[0m 4.110 ms - -[0m
[0mGET /css/layout.css.map [36m304[0m 2.037 ms - -[0m
[0mGET /css/layout.css [32m200[0m 384.428 ms - 212[0m
[0mGET /css/header.css [32m200[0m 227.693 ms - 497[0m
[0mGET /css/footer.css [32m200[0m 222.123 ms - 242[0m
[0mGET /css/home.css [32m200[0m 221.036 ms - 219[0m
[0mGET /js/home_post_comments.js [32m200[0m 218.226 ms - 3715[0m
[0mGET /js/home_posts.js [32m200[0m 214.293 ms - 2810[0m
[0mGET /js/toggle_likes.js [32m200[0m 215.295 ms - 1156[0m
[0mGET /css/chat_box.css [32m200[0m 491.183 ms - 1299[0m
[0mGET /js/chat_engine.js [32m200[0m 62.256 ms - 1753[0m
[0mGET / [32m200[0m 3807.413 ms - 3783[0m
[0mGET /favicon.ico [33m404[0m 67.883 ms - 150[0m
[0mGET /users/sign-in [32m200[0m 20.831 ms - 2275[0m
[0mGET /css/layout.css [36m304[0m 61.488 ms - -[0m
[0mGET /users/css/header.css [33m404[0m 100.648 ms - 159[0m
[0mGET /users/css/footer.css [33m404[0m 115.590 ms - 159[0m
[0mPOST /users/create-session [36m302[0m 626.925 ms - 46[0m
[0mGET / [32m200[0m 318.172 ms - 47504[0m
[0mGET /css/layout.css [36m304[0m 9.071 ms - -[0m
[0mGET /css/header.css [36m304[0m 6.983 ms - -[0m
[0mGET /css/footer.css [36m304[0m 6.144 ms - -[0m
[0mGET /css/home.css [36m304[0m 5.317 ms - -[0m
[0mGET /js/home_posts.js [36m304[0m 13.134 ms - -[0m
[0mGET /css/chat_box.css [36m304[0m 19.150 ms - -[0m
[0mGET /js/home_post_comments.js [36m304[0m 21.052 ms - -[0m
[0mGET /js/toggle_likes.js [36m304[0m 22.691 ms - -[0m
[0mGET /js/chat_engine.js [36m304[0m 3.821 ms - -[0m
[0mGET /users/profile/64860efdc4617e81bb6e4701 [32m200[0m 58.171 ms - 2834[0m
[0mGET /css/layout.css [36m304[0m 33.139 ms - -[0m
[0mGET /users/profile/css/header.css [33m404[0m 108.040 ms - 167[0m
[0mGET /css/user_profile.css [32m200[0m 108.730 ms - -[0m
[0mGET /users/profile/css/footer.css [33m404[0m 131.642 ms - 167[0m
[0mGET /users/profile/css/user_profile.css [33m404[0m 112.414 ms - 173[0m
[0mGET / [32m200[0m 263.114 ms - 47230[0m
[0mGET /css/layout.css [36m304[0m 4.611 ms - -[0m
[0mGET /css/header.css [36m304[0m 9.878 ms - -[0m
[0mGET /css/chat_box.css [36m304[0m 15.218 ms - -[0m
[0mGET /css/footer.css [36m304[0m 12.013 ms - -[0m
[0mGET /css/home.css [36m304[0m 10.136 ms - -[0m
[0mGET /js/home_post_comments.js [36m304[0m 9.953 ms - -[0m
[0mGET /js/home_posts.js [36m304[0m 7.213 ms - -[0m
[0mGET /js/toggle_likes.js [36m304[0m 5.580 ms - -[0m
[0mGET /js/chat_engine.js [36m304[0m 5.563 ms - -[0m
[0mGET /users/sign-out [36m302[0m 39.896 ms - 88[0m
[0mGET / [32m200[0m 279.677 ms - 3783[0m
[0mGET /css/layout.css [36m304[0m 17.600 ms - -[0m
[0mGET /css/header.css [36m304[0m 18.457 ms - -[0m
[0mGET /css/footer.css [36m304[0m 13.979 ms - -[0m
[0mGET /css/home.css [36m304[0m 13.513 ms - -[0m
[0mGET /css/chat_box.css [36m304[0m 11.489 ms - -[0m
[0mGET /js/home_post_comments.js [36m304[0m 11.366 ms - -[0m
[0mGET /js/home_posts.js [36m304[0m 2.923 ms - -[0m
[0mGET /js/toggle_likes.js [36m304[0m 2.848 ms - -[0m
[0mGET /js/chat_engine.js [36m304[0m 2.974 ms - -[0m
[0mGET /users/sign-in [36m304[0m 22.463 ms - -[0m
[0mGET /css/layout.css [36m304[0m 1.758 ms - -[0m
[0mGET /users/css/header.css [33m404[0m 20.930 ms - 159[0m
[0mGET /users/css/footer.css [33m404[0m 27.066 ms - 159[0m
[0mGET /users/auth/google [36m302[0m 46.696 ms - 0[0m
[0mGET /users/sign-up [32m200[0m 30.182 ms - 2455[0m
[0mGET /css/layout.css [36m304[0m 5.496 ms - -[0m
[0mGET /users/css/header.css [33m404[0m 19.467 ms - 159[0m
[0mGET /users/css/footer.css [33m404[0m 16.857 ms - 159[0m
[0mGET /users/sign-in [36m304[0m 23.152 ms - -[0m
[0mGET /css/layout.css [36m304[0m 6.539 ms - -[0m
[0mGET /users/css/footer.css [33m404[0m 16.937 ms - 159[0m
[0mGET /users/css/header.css [33m404[0m 23.044 ms - 159[0m
[0mPOST /users/create-session [36m302[0m 37.397 ms - 46[0m
[0mGET / [32m200[0m 284.762 ms - 47504[0m
[0mGET /css/layout.css [36m304[0m 5.926 ms - -[0m
[0mGET /css/header.css [36m304[0m 3.841 ms - -[0m
[0mGET /css/footer.css [36m304[0m 5.903 ms - -[0m
[0mGET /css/home.css [36m304[0m 7.795 ms - -[0m
[0mGET /css/chat_box.css [36m304[0m 8.850 ms - -[0m
[0mGET /js/home_post_comments.js [36m304[0m 5.523 ms - -[0m
[0mGET /js/home_posts.js [36m304[0m 4.573 ms - -[0m
[0mGET /js/toggle_likes.js [36m304[0m 2.431 ms - -[0m
[0mGET /js/chat_engine.js [36m304[0m 3.405 ms - -[0m
